The system is: Linux - 3.8.7-1-ARCH - i686
Compiling the C compiler identification source file "CMakeCCompilerId.c" succeeded.
Compiler: /usr/bin/cc 
Build flags: 
Id flags: 

The output was:
0


Compilation of the C compiler identification source "CMakeCCompilerId.c" produced "a.out"

The C compiler identification is GNU, found in "/home/dryland/system_programming/cmake/simplelog/build/CMakeFiles/2.8.10.2/CompilerIdC/a.out"

Compiling the CXX compiler identification source file "CMakeCXXCompilerId.cpp" succeeded.
Compiler: /usr/bin/c++ 
Build flags: 
Id flags: 

The output was:
0


Compilation of the CXX compiler identification source "CMakeCXXCompilerId.cpp" produced "a.out"

The CXX compiler identification is GNU, found in "/home/dryland/system_programming/cmake/simplelog/build/CMakeFiles/2.8.10.2/CompilerIdCXX/a.out"

Determining if the C compiler works passed with the following output:
Change Dir: /home/dryland/system_programming/cmake/simplelog/build/CMakeFiles/CMakeTmp

Run Build Command:/usr/bin/make "cmTryCompileExec124313595/fast"
/usr/bin/make -f CMakeFiles/cmTryCompileExec124313595.dir/build.make CMakeFiles/cmTryCompileExec124313595.dir/build
make[1]: 进入目录“/home/dryland/system_programming/cmake/simplelog/build/CMakeFiles/CMakeTmp”
/usr/bin/cmake -E cmake_progress_report /home/dryland/system_programming/cmake/simplelog/build/CMakeFiles/CMakeTmp/CMakeFiles 1
Building C object CMakeFiles/cmTryCompileExec124313595.dir/testCCompiler.c.o
/usr/bin/cc    -o CMakeFiles/cmTryCompileExec124313595.dir/testCCompiler.c.o   -c /home/dryland/system_programming/cmake/simplelog/build/CMakeFiles/CMakeTmp/testCCompiler.c
Linking C executable cmTryCompileExec124313595
/usr/bin/cmake -E cmake_link_script CMakeFiles/cmTryCompileExec124313595.dir/link.txt --verbose=1
/usr/bin/cc         CMakeFiles/cmTryCompileExec124313595.dir/testCCompiler.c.o  -o cmTryCompileExec124313595 -rdynamic 
make[1]: 离开目录“/home/dryland/system_programming/cmake/simplelog/build/CMakeFiles/CMakeTmp”


Detecting C compiler ABI info compiled with the following output:
Change Dir: /home/dryland/system_programming/cmake/simplelog/build/CMakeFiles/CMakeTmp

Run Build Command:/usr/bin/make "cmTryCompileExec29430783/fast"
/usr/bin/make -f CMakeFiles/cmTryCompileExec29430783.dir/build.make CMakeFiles/cmTryCompileExec29430783.dir/build
make[1]: 进入目录“/home/dryland/system_programming/cmake/simplelog/build/CMakeFiles/CMakeTmp”
/usr/bin/cmake -E cmake_progress_report /home/dryland/system_programming/cmake/simplelog/build/CMakeFiles/CMakeTmp/CMakeFiles 1
Building C object CMakeFiles/cmTryCompileExec29430783.dir/CMakeCCompilerABI.c.o
/usr/bin/cc    -o CMakeFiles/cmTryCompileExec29430783.dir/CMakeCCompilerABI.c.o   -c /usr/share/cmake-2.8/Modules/CMakeCCompilerABI.c
Linking C executable cmTryCompileExec29430783
/usr/bin/cmake -E cmake_link_script CMakeFiles/cmTryCompileExec29430783.dir/link.txt --verbose=1
/usr/bin/cc       -v CMakeFiles/cmTryCompileExec29430783.dir/CMakeCCompilerABI.c.o  -o cmTryCompileExec29430783 -rdynamic  
使用内建 specs。
COLLECT_GCC=/usr/bin/cc
COLLECT_LTO_WRAPPER=/usr/lib/gcc/i686-pc-linux-gnu/4.8.0/lto-wrapper
目标：i686-pc-linux-gnu
配置为：/build/src/gcc-4.8-20130411/configure --prefix=/usr --libdir=/usr/lib --libexecdir=/usr/lib --mandir=/usr/share/man --infodir=/usr/share/info --with-bugurl=https://bugs.archlinux.org/ --enable-languages=c,c++,ada,fortran,go,lto,objc,obj-c++ --enable-shared --enable-threads=posix --with-system-zlib --enable-__cxa_atexit --disable-libunwind-exceptions --enable-clocale=gnu --disable-libstdcxx-pch --enable-gnu-unique-object --enable-linker-build-id --enable-cloog-backend=isl --disable-cloog-version-check --enable-lto --enable-gold --enable-ld=default --enable-plugin --with-plugin-ld=ld.gold --with-linker-hash-style=gnu --disable-install-libiberty --disable-multilib --disable-libssp --disable-werror --enable-checking=release
线程模型：posix
gcc 版本 4.8.0 20130411 (prerelease) (GCC) 
COMPILER_PATH=/usr/lib/gcc/i686-pc-linux-gnu/4.8.0/:/usr/lib/gcc/i686-pc-linux-gnu/4.8.0/:/usr/lib/gcc/i686-pc-linux-gnu/:/usr/lib/gcc/i686-pc-linux-gnu/4.8.0/:/usr/lib/gcc/i686-pc-linux-gnu/
LIBRARY_PATH=/usr/lib/gcc/i686-pc-linux-gnu/4.8.0/:/usr/lib/gcc/i686-pc-linux-gnu/4.8.0/../../../:/lib/:/usr/lib/
COLLECT_GCC_OPTIONS='-v' '-o' 'cmTryCompileExec29430783' '-rdynamic' '-mtune=generic' '-march=pentiumpro'
 /usr/lib/gcc/i686-pc-linux-gnu/4.8.0/collect2 --build-id --eh-frame-hdr --hash-style=gnu -m elf_i386 -export-dynamic -dynamic-linker /lib/ld-linux.so.2 -o cmTryCompileExec29430783 /usr/lib/gcc/i686-pc-linux-gnu/4.8.0/../../../crt1.o /usr/lib/gcc/i686-pc-linux-gnu/4.8.0/../../../crti.o /usr/lib/gcc/i686-pc-linux-gnu/4.8.0/crtbegin.o -L/usr/lib/gcc/i686-pc-linux-gnu/4.8.0 -L/usr/lib/gcc/i686-pc-linux-gnu/4.8.0/../../.. CMakeFiles/cmTryCompileExec29430783.dir/CMakeCCompilerABI.c.o -lgcc --as-needed -lgcc_s --no-as-needed -lc -lgcc --as-needed -lgcc_s --no-as-needed /usr/lib/gcc/i686-pc-linux-gnu/4.8.0/crtend.o /usr/lib/gcc/i686-pc-linux-gnu/4.8.0/../../../crtn.o
make[1]: 离开目录“/home/dryland/system_programming/cmake/simplelog/build/CMakeFiles/CMakeTmp”


Parsed C implicit link information from above output:
  link line regex: [^( *|.*[/\])(ld|ld|collect2)[^/\]*( |$)]
  ignore line: [Change Dir: /home/dryland/system_programming/cmake/simplelog/build/CMakeFiles/CMakeTmp]
  ignore line: []
  ignore line: [Run Build Command:/usr/bin/make "cmTryCompileExec29430783/fast"]
  ignore line: [/usr/bin/make -f CMakeFiles/cmTryCompileExec29430783.dir/build.make CMakeFiles/cmTryCompileExec29430783.dir/build]
  ignore line: [make[1]: 进入目录“/home/dryland/system_programming/cmake/simplelog/build/CMakeFiles/CMakeTmp”]
  ignore line: [/usr/bin/cmake -E cmake_progress_report /home/dryland/system_programming/cmake/simplelog/build/CMakeFiles/CMakeTmp/CMakeFiles 1]
  ignore line: [Building C object CMakeFiles/cmTryCompileExec29430783.dir/CMakeCCompilerABI.c.o]
  ignore line: [/usr/bin/cc    -o CMakeFiles/cmTryCompileExec29430783.dir/CMakeCCompilerABI.c.o   -c /usr/share/cmake-2.8/Modules/CMakeCCompilerABI.c]
  ignore line: [Linking C executable cmTryCompileExec29430783]
  ignore line: [/usr/bin/cmake -E cmake_link_script CMakeFiles/cmTryCompileExec29430783.dir/link.txt --verbose=1]
  ignore line: [/usr/bin/cc       -v CMakeFiles/cmTryCompileExec29430783.dir/CMakeCCompilerABI.c.o  -o cmTryCompileExec29430783 -rdynamic  ]
  ignore line: [使用内建 specs。]
  ignore line: [COLLECT_GCC=/usr/bin/cc]
  ignore line: [COLLECT_LTO_WRAPPER=/usr/lib/gcc/i686-pc-linux-gnu/4.8.0/lto-wrapper]
  ignore line: [目标：i686-pc-linux-gnu]
  ignore line: [配置为：/build/src/gcc-4.8-20130411/configure --prefix=/usr --libdir=/usr/lib --libexecdir=/usr/lib --mandir=/usr/share/man --infodir=/usr/share/info --with-bugurl=https://bugs.archlinux.org/ --enable-languages=c,c++,ada,fortran,go,lto,objc,obj-c++ --enable-shared --enable-threads=posix --with-system-zlib --enable-__cxa_atexit --disable-libunwind-exceptions --enable-clocale=gnu --disable-libstdcxx-pch --enable-gnu-unique-object --enable-linker-build-id --enable-cloog-backend=isl --disable-cloog-version-check --enable-lto --enable-gold --enable-ld=default --enable-plugin --with-plugin-ld=ld.gold --with-linker-hash-style=gnu --disable-install-libiberty --disable-multilib --disable-libssp --disable-werror --enable-checking=release]
  ignore line: [线程模型：posix]
  ignore line: [gcc 版本 4.8.0 20130411 (prerelease) (GCC) ]
  ignore line: [COMPILER_PATH=/usr/lib/gcc/i686-pc-linux-gnu/4.8.0/:/usr/lib/gcc/i686-pc-linux-gnu/4.8.0/:/usr/lib/gcc/i686-pc-linux-gnu/:/usr/lib/gcc/i686-pc-linux-gnu/4.8.0/:/usr/lib/gcc/i686-pc-linux-gnu/]
  ignore line: [LIBRARY_PATH=/usr/lib/gcc/i686-pc-linux-gnu/4.8.0/:/usr/lib/gcc/i686-pc-linux-gnu/4.8.0/../../../:/lib/:/usr/lib/]
  ignore line: [COLLECT_GCC_OPTIONS='-v' '-o' 'cmTryCompileExec29430783' '-rdynamic' '-mtune=generic' '-march=pentiumpro']
  link line: [ /usr/lib/gcc/i686-pc-linux-gnu/4.8.0/collect2 --build-id --eh-frame-hdr --hash-style=gnu -m elf_i386 -export-dynamic -dynamic-linker /lib/ld-linux.so.2 -o cmTryCompileExec29430783 /usr/lib/gcc/i686-pc-linux-gnu/4.8.0/../../../crt1.o /usr/lib/gcc/i686-pc-linux-gnu/4.8.0/../../../crti.o /usr/lib/gcc/i686-pc-linux-gnu/4.8.0/crtbegin.o -L/usr/lib/gcc/i686-pc-linux-gnu/4.8.0 -L/usr/lib/gcc/i686-pc-linux-gnu/4.8.0/../../.. CMakeFiles/cmTryCompileExec29430783.dir/CMakeCCompilerABI.c.o -lgcc --as-needed -lgcc_s --no-as-needed -lc -lgcc --as-needed -lgcc_s --no-as-needed /usr/lib/gcc/i686-pc-linux-gnu/4.8.0/crtend.o /usr/lib/gcc/i686-pc-linux-gnu/4.8.0/../../../crtn.o]
    arg [/usr/lib/gcc/i686-pc-linux-gnu/4.8.0/collect2] ==> ignore
    arg [--build-id] ==> ignore
    arg [--eh-frame-hdr] ==> ignore
    arg [--hash-style=gnu] ==> ignore
    arg [-m] ==> ignore
    arg [elf_i386] ==> ignore
    arg [-export-dynamic] ==> ignore
    arg [-dynamic-linker] ==> ignore
    arg [/lib/ld-linux.so.2] ==> ignore
    arg [-o] ==> ignore
    arg [cmTryCompileExec29430783] ==> ignore
    arg [/usr/lib/gcc/i686-pc-linux-gnu/4.8.0/../../../crt1.o] ==> ignore
    arg [/usr/lib/gcc/i686-pc-linux-gnu/4.8.0/../../../crti.o] ==> ignore
    arg [/usr/lib/gcc/i686-pc-linux-gnu/4.8.0/crtbegin.o] ==> ignore
    arg [-L/usr/lib/gcc/i686-pc-linux-gnu/4.8.0] ==> dir [/usr/lib/gcc/i686-pc-linux-gnu/4.8.0]
    arg [-L/usr/lib/gcc/i686-pc-linux-gnu/4.8.0/../../..] ==> dir [/usr/lib/gcc/i686-pc-linux-gnu/4.8.0/../../..]
    arg [CMakeFiles/cmTryCompileExec29430783.dir/CMakeCCompilerABI.c.o] ==> ignore
    arg [-lgcc] ==> lib [gcc]
    arg [--as-needed] ==> ignore
    arg [-lgcc_s] ==> lib [gcc_s]
    arg [--no-as-needed] ==> ignore
    arg [-lc] ==> lib [c]
    arg [-lgcc] ==> lib [gcc]
    arg [--as-needed] ==> ignore
    arg [-lgcc_s] ==> lib [gcc_s]
    arg [--no-as-needed] ==> ignore
    arg [/usr/lib/gcc/i686-pc-linux-gnu/4.8.0/crtend.o] ==> ignore
    arg [/usr/lib/gcc/i686-pc-linux-gnu/4.8.0/../../../crtn.o] ==> ignore
  remove lib [gcc]
  remove lib [gcc_s]
  remove lib [gcc]
  remove lib [gcc_s]
  collapse dir [/usr/lib/gcc/i686-pc-linux-gnu/4.8.0] ==> [/usr/lib/gcc/i686-pc-linux-gnu/4.8.0]
  collapse dir [/usr/lib/gcc/i686-pc-linux-gnu/4.8.0/../../..] ==> [/usr/lib]
  implicit libs: [c]
  implicit dirs: [/usr/lib/gcc/i686-pc-linux-gnu/4.8.0;/usr/lib]


Determining if the CXX compiler works passed with the following output:
Change Dir: /home/dryland/system_programming/cmake/simplelog/build/CMakeFiles/CMakeTmp

Run Build Command:/usr/bin/make "cmTryCompileExec201593300/fast"
/usr/bin/make -f CMakeFiles/cmTryCompileExec201593300.dir/build.make CMakeFiles/cmTryCompileExec201593300.dir/build
make[1]: 进入目录“/home/dryland/system_programming/cmake/simplelog/build/CMakeFiles/CMakeTmp”
/usr/bin/cmake -E cmake_progress_report /home/dryland/system_programming/cmake/simplelog/build/CMakeFiles/CMakeTmp/CMakeFiles 1
Building CXX object CMakeFiles/cmTryCompileExec201593300.dir/testCXXCompiler.cxx.o
/usr/bin/c++     -o CMakeFiles/cmTryCompileExec201593300.dir/testCXXCompiler.cxx.o -c /home/dryland/system_programming/cmake/simplelog/build/CMakeFiles/CMakeTmp/testCXXCompiler.cxx
Linking CXX executable cmTryCompileExec201593300
/usr/bin/cmake -E cmake_link_script CMakeFiles/cmTryCompileExec201593300.dir/link.txt --verbose=1
/usr/bin/c++          CMakeFiles/cmTryCompileExec201593300.dir/testCXXCompiler.cxx.o  -o cmTryCompileExec201593300 -rdynamic 
make[1]: 离开目录“/home/dryland/system_programming/cmake/simplelog/build/CMakeFiles/CMakeTmp”


Detecting CXX compiler ABI info compiled with the following output:
Change Dir: /home/dryland/system_programming/cmake/simplelog/build/CMakeFiles/CMakeTmp

Run Build Command:/usr/bin/make "cmTryCompileExec1302989381/fast"
/usr/bin/make -f CMakeFiles/cmTryCompileExec1302989381.dir/build.make CMakeFiles/cmTryCompileExec1302989381.dir/build
make[1]: 进入目录“/home/dryland/system_programming/cmake/simplelog/build/CMakeFiles/CMakeTmp”
/usr/bin/cmake -E cmake_progress_report /home/dryland/system_programming/cmake/simplelog/build/CMakeFiles/CMakeTmp/CMakeFiles 1
Building CXX object CMakeFiles/cmTryCompileExec1302989381.dir/CMakeCXXCompilerABI.cpp.o
/usr/bin/c++     -o CMakeFiles/cmTryCompileExec1302989381.dir/CMakeCXXCompilerABI.cpp.o -c /usr/share/cmake-2.8/Modules/CMakeCXXCompilerABI.cpp
Linking CXX executable cmTryCompileExec1302989381
/usr/bin/cmake -E cmake_link_script CMakeFiles/cmTryCompileExec1302989381.dir/link.txt --verbose=1
/usr/bin/c++        -v CMakeFiles/cmTryCompileExec1302989381.dir/CMakeCXXCompilerABI.cpp.o  -o cmTryCompileExec1302989381 -rdynamic  
使用内建 specs。
COLLECT_GCC=/usr/bin/c++
COLLECT_LTO_WRAPPER=/usr/lib/gcc/i686-pc-linux-gnu/4.8.0/lto-wrapper
目标：i686-pc-linux-gnu
配置为：/build/src/gcc-4.8-20130411/configure --prefix=/usr --libdir=/usr/lib --libexecdir=/usr/lib --mandir=/usr/share/man --infodir=/usr/share/info --with-bugurl=https://bugs.archlinux.org/ --enable-languages=c,c++,ada,fortran,go,lto,objc,obj-c++ --enable-shared --enable-threads=posix --with-system-zlib --enable-__cxa_atexit --disable-libunwind-exceptions --enable-clocale=gnu --disable-libstdcxx-pch --enable-gnu-unique-object --enable-linker-build-id --enable-cloog-backend=isl --disable-cloog-version-check --enable-lto --enable-gold --enable-ld=default --enable-plugin --with-plugin-ld=ld.gold --with-linker-hash-style=gnu --disable-install-libiberty --disable-multilib --disable-libssp --disable-werror --enable-checking=release
线程模型：posix
gcc 版本 4.8.0 20130411 (prerelease) (GCC) 
COMPILER_PATH=/usr/lib/gcc/i686-pc-linux-gnu/4.8.0/:/usr/lib/gcc/i686-pc-linux-gnu/4.8.0/:/usr/lib/gcc/i686-pc-linux-gnu/:/usr/lib/gcc/i686-pc-linux-gnu/4.8.0/:/usr/lib/gcc/i686-pc-linux-gnu/
LIBRARY_PATH=/usr/lib/gcc/i686-pc-linux-gnu/4.8.0/:/usr/lib/gcc/i686-pc-linux-gnu/4.8.0/../../../:/lib/:/usr/lib/
COLLECT_GCC_OPTIONS='-v' '-o' 'cmTryCompileExec1302989381' '-rdynamic' '-shared-libgcc' '-mtune=generic' '-march=pentiumpro'
 /usr/lib/gcc/i686-pc-linux-gnu/4.8.0/collect2 --build-id --eh-frame-hdr --hash-style=gnu -m elf_i386 -export-dynamic -dynamic-linker /lib/ld-linux.so.2 -o cmTryCompileExec1302989381 /usr/lib/gcc/i686-pc-linux-gnu/4.8.0/../../../crt1.o /usr/lib/gcc/i686-pc-linux-gnu/4.8.0/../../../crti.o /usr/lib/gcc/i686-pc-linux-gnu/4.8.0/crtbegin.o -L/usr/lib/gcc/i686-pc-linux-gnu/4.8.0 -L/usr/lib/gcc/i686-pc-linux-gnu/4.8.0/../../.. CMakeFiles/cmTryCompileExec1302989381.dir/CMakeCXXCompilerABI.cpp.o -lstdc++ -lm -lgcc_s -lgcc -lc -lgcc_s -lgcc /usr/lib/gcc/i686-pc-linux-gnu/4.8.0/crtend.o /usr/lib/gcc/i686-pc-linux-gnu/4.8.0/../../../crtn.o
make[1]: 离开目录“/home/dryland/system_programming/cmake/simplelog/build/CMakeFiles/CMakeTmp”


Parsed CXX implicit link information from above output:
  link line regex: [^( *|.*[/\])(ld|ld|collect2)[^/\]*( |$)]
  ignore line: [Change Dir: /home/dryland/system_programming/cmake/simplelog/build/CMakeFiles/CMakeTmp]
  ignore line: []
  ignore line: [Run Build Command:/usr/bin/make "cmTryCompileExec1302989381/fast"]
  ignore line: [/usr/bin/make -f CMakeFiles/cmTryCompileExec1302989381.dir/build.make CMakeFiles/cmTryCompileExec1302989381.dir/build]
  ignore line: [make[1]: 进入目录“/home/dryland/system_programming/cmake/simplelog/build/CMakeFiles/CMakeTmp”]
  ignore line: [/usr/bin/cmake -E cmake_progress_report /home/dryland/system_programming/cmake/simplelog/build/CMakeFiles/CMakeTmp/CMakeFiles 1]
  ignore line: [Building CXX object CMakeFiles/cmTryCompileExec1302989381.dir/CMakeCXXCompilerABI.cpp.o]
  ignore line: [/usr/bin/c++     -o CMakeFiles/cmTryCompileExec1302989381.dir/CMakeCXXCompilerABI.cpp.o -c /usr/share/cmake-2.8/Modules/CMakeCXXCompilerABI.cpp]
  ignore line: [Linking CXX executable cmTryCompileExec1302989381]
  ignore line: [/usr/bin/cmake -E cmake_link_script CMakeFiles/cmTryCompileExec1302989381.dir/link.txt --verbose=1]
  ignore line: [/usr/bin/c++        -v CMakeFiles/cmTryCompileExec1302989381.dir/CMakeCXXCompilerABI.cpp.o  -o cmTryCompileExec1302989381 -rdynamic  ]
  ignore line: [使用内建 specs。]
  ignore line: [COLLECT_GCC=/usr/bin/c++]
  ignore line: [COLLECT_LTO_WRAPPER=/usr/lib/gcc/i686-pc-linux-gnu/4.8.0/lto-wrapper]
  ignore line: [目标：i686-pc-linux-gnu]
  ignore line: [配置为：/build/src/gcc-4.8-20130411/configure --prefix=/usr --libdir=/usr/lib --libexecdir=/usr/lib --mandir=/usr/share/man --infodir=/usr/share/info --with-bugurl=https://bugs.archlinux.org/ --enable-languages=c,c++,ada,fortran,go,lto,objc,obj-c++ --enable-shared --enable-threads=posix --with-system-zlib --enable-__cxa_atexit --disable-libunwind-exceptions --enable-clocale=gnu --disable-libstdcxx-pch --enable-gnu-unique-object --enable-linker-build-id --enable-cloog-backend=isl --disable-cloog-version-check --enable-lto --enable-gold --enable-ld=default --enable-plugin --with-plugin-ld=ld.gold --with-linker-hash-style=gnu --disable-install-libiberty --disable-multilib --disable-libssp --disable-werror --enable-checking=release]
  ignore line: [线程模型：posix]
  ignore line: [gcc 版本 4.8.0 20130411 (prerelease) (GCC) ]
  ignore line: [COMPILER_PATH=/usr/lib/gcc/i686-pc-linux-gnu/4.8.0/:/usr/lib/gcc/i686-pc-linux-gnu/4.8.0/:/usr/lib/gcc/i686-pc-linux-gnu/:/usr/lib/gcc/i686-pc-linux-gnu/4.8.0/:/usr/lib/gcc/i686-pc-linux-gnu/]
  ignore line: [LIBRARY_PATH=/usr/lib/gcc/i686-pc-linux-gnu/4.8.0/:/usr/lib/gcc/i686-pc-linux-gnu/4.8.0/../../../:/lib/:/usr/lib/]
  ignore line: [COLLECT_GCC_OPTIONS='-v' '-o' 'cmTryCompileExec1302989381' '-rdynamic' '-shared-libgcc' '-mtune=generic' '-march=pentiumpro']
  link line: [ /usr/lib/gcc/i686-pc-linux-gnu/4.8.0/collect2 --build-id --eh-frame-hdr --hash-style=gnu -m elf_i386 -export-dynamic -dynamic-linker /lib/ld-linux.so.2 -o cmTryCompileExec1302989381 /usr/lib/gcc/i686-pc-linux-gnu/4.8.0/../../../crt1.o /usr/lib/gcc/i686-pc-linux-gnu/4.8.0/../../../crti.o /usr/lib/gcc/i686-pc-linux-gnu/4.8.0/crtbegin.o -L/usr/lib/gcc/i686-pc-linux-gnu/4.8.0 -L/usr/lib/gcc/i686-pc-linux-gnu/4.8.0/../../.. CMakeFiles/cmTryCompileExec1302989381.dir/CMakeCXXCompilerABI.cpp.o -lstdc++ -lm -lgcc_s -lgcc -lc -lgcc_s -lgcc /usr/lib/gcc/i686-pc-linux-gnu/4.8.0/crtend.o /usr/lib/gcc/i686-pc-linux-gnu/4.8.0/../../../crtn.o]
    arg [/usr/lib/gcc/i686-pc-linux-gnu/4.8.0/collect2] ==> ignore
    arg [--build-id] ==> ignore
    arg [--eh-frame-hdr] ==> ignore
    arg [--hash-style=gnu] ==> ignore
    arg [-m] ==> ignore
    arg [elf_i386] ==> ignore
    arg [-export-dynamic] ==> ignore
    arg [-dynamic-linker] ==> ignore
    arg [/lib/ld-linux.so.2] ==> ignore
    arg [-o] ==> ignore
    arg [cmTryCompileExec1302989381] ==> ignore
    arg [/usr/lib/gcc/i686-pc-linux-gnu/4.8.0/../../../crt1.o] ==> ignore
    arg [/usr/lib/gcc/i686-pc-linux-gnu/4.8.0/../../../crti.o] ==> ignore
    arg [/usr/lib/gcc/i686-pc-linux-gnu/4.8.0/crtbegin.o] ==> ignore
    arg [-L/usr/lib/gcc/i686-pc-linux-gnu/4.8.0] ==> dir [/usr/lib/gcc/i686-pc-linux-gnu/4.8.0]
    arg [-L/usr/lib/gcc/i686-pc-linux-gnu/4.8.0/../../..] ==> dir [/usr/lib/gcc/i686-pc-linux-gnu/4.8.0/../../..]
    arg [CMakeFiles/cmTryCompileExec1302989381.dir/CMakeCXXCompilerABI.cpp.o] ==> ignore
    arg [-lstdc++] ==> lib [stdc++]
    arg [-lm] ==> lib [m]
    arg [-lgcc_s] ==> lib [gcc_s]
    arg [-lgcc] ==> lib [gcc]
    arg [-lc] ==> lib [c]
    arg [-lgcc_s] ==> lib [gcc_s]
    arg [-lgcc] ==> lib [gcc]
    arg [/usr/lib/gcc/i686-pc-linux-gnu/4.8.0/crtend.o] ==> ignore
    arg [/usr/lib/gcc/i686-pc-linux-gnu/4.8.0/../../../crtn.o] ==> ignore
  remove lib [gcc_s]
  remove lib [gcc]
  remove lib [gcc_s]
  remove lib [gcc]
  collapse dir [/usr/lib/gcc/i686-pc-linux-gnu/4.8.0] ==> [/usr/lib/gcc/i686-pc-linux-gnu/4.8.0]
  collapse dir [/usr/lib/gcc/i686-pc-linux-gnu/4.8.0/../../..] ==> [/usr/lib]
  implicit libs: [stdc++;m;c]
  implicit dirs: [/usr/lib/gcc/i686-pc-linux-gnu/4.8.0;/usr/lib]


